2014-01-15 17:50:46.147 BATApp[67021:a0b] Multi-tasking -> Device: YES, App: YES
2014-01-15 17:50:46.321 BATApp[67021:a0b] Unlimited access to network resources
2014-01-15 17:50:46.885 BATApp[67021:a0b] Resetting plugins due to page load.
2014-01-15 17:50:47.723 BATApp[67021:a0b] Finished load of: file:///Users/lucasuriano/Library/Application%20Support/iPhone%20Simulator/7.0.3/Applications/2613E792-AB64-444E-9B09-AA279C640646/BATApp.app/www/index.html
2014-01-15 18:02:55.572 BATApp[67576:a0b] Multi-tasking -> Device: YES, App: YES
2014-01-15 18:02:55.676 BATApp[67576:a0b] Unlimited access to network resources
2014-01-15 18:02:56.216 BATApp[67576:a0b] Resetting plugins due to page load.
2014-01-15 18:02:57.348 BATApp[67576:a0b] Finished load of: file:///Users/lucasuriano/Library/Application%20Support/iPhone%20Simulator/7.0.3/Applications/2613E792-AB64-444E-9B09-AA279C640646/BATApp.app/www/index.html
2014-01-15 18:13:41.426 BATApp[68105:a0b] Multi-tasking -> Device: YES, App: YES
2014-01-15 18:13:41.436 BATApp[68105:a0b] Unlimited access to network resources
2014-01-15 18:13:41.826 BATApp[68105:a0b] Resetting plugins due to page load.
2014-01-15 18:13:42.631 BATApp[68105:a0b] Finished load of: file:///Users/lucasuriano/Library/Application%20Support/iPhone%20Simulator/7.0.3/Applications/2613E792-AB64-444E-9B09-AA279C640646/BATApp.app/www/index.html
2014-01-15 18:14:42.509 BATApp[68944:a0b] Multi-tasking -> Device: YES, App: YES
2014-01-15 18:14:42.528 BATApp[68944:a0b] Unlimited access to network resources
2014-01-15 18:14:42.965 BATApp[68944:a0b] Resetting plugins due to page load.
2014-01-15 18:14:43.808 BATApp[68944:a0b] Finished load of: file:///Users/lucasuriano/Library/Application%20Support/iPhone%20Simulator/7.0.3/Applications/2613E792-AB64-444E-9B09-AA279C640646/BATApp.app/www/index.html
Terminating in response to SpringBoard's termination.
2014-01-15 19:56:01.034 BATApp[70210:a0b] Multi-tasking -> Device: YES, App: YES
2014-01-15 19:56:01.045 BATApp[70210:a0b] Unlimited access to network resources
2014-01-15 19:56:01.409 BATApp[70210:a0b] Resetting plugins due to page load.
2014-01-15 19:56:01.930 BATApp[70210:a0b] Finished load of: file:///Users/lucasuriano/Library/Application%20Support/iPhone%20Simulator/7.0.3/Applications/2613E792-AB64-444E-9B09-AA279C640646/BATApp.app/www/index.html
2014-01-15 20:05:09.750 BATApp[71125:a0b] Multi-tasking -> Device: YES, App: YES
2014-01-15 20:05:09.762 BATApp[71125:a0b] Unlimited access to network resources
2014-01-15 20:05:10.243 BATApp[71125:a0b] Resetting plugins due to page load.
2014-01-15 20:05:10.727 BATApp[71125:a0b] Finished load of: file:///Users/lucasuriano/Library/Application%20Support/iPhone%20Simulator/7.0.3/Applications/2613E792-AB64-444E-9B09-AA279C640646/BATApp.app/www/index.html
Terminating in response to SpringBoard's termination.
2014-01-15 20:21:03.078 BATApp[71785:a0b] Multi-tasking -> Device: YES, App: YES
2014-01-15 20:21:03.087 BATApp[71785:a0b] Unlimited access to network resources
2014-01-15 20:21:03.460 BATApp[71785:a0b] Resetting plugins due to page load.
2014-01-15 20:21:03.827 BATApp[71785:a0b] Finished load of: file:///Users/lucasuriano/Library/Application%20Support/iPhone%20Simulator/7.0.3/Applications/2613E792-AB64-444E-9B09-AA279C640646/BATApp.app/www/index.html
2014-01-15 20:23:16.272 BATApp[72249:a0b] Multi-tasking -> Device: YES, App: YES
2014-01-15 20:23:16.282 BATApp[72249:a0b] Unlimited access to network resources
2014-01-15 20:23:16.694 BATApp[72249:a0b] Resetting plugins due to page load.
2014-01-15 20:23:17.170 BATApp[72249:a0b] Finished load of: file:///Users/lucasuriano/Library/Application%20Support/iPhone%20Simulator/7.0.3/Applications/2613E792-AB64-444E-9B09-AA279C640646/BATApp.app/www/index.html
Terminating in response to SpringBoard's termination.
2014-01-15 20:30:38.134 BATApp[72755:a0b] Multi-tasking -> Device: YES, App: YES
2014-01-15 20:30:38.144 BATApp[72755:a0b] Unlimited access to network resources
2014-01-15 20:30:38.553 BATApp[72755:a0b] Resetting plugins due to page load.
2014-01-15 20:30:39.146 BATApp[72755:a0b] Finished load of: file:///Users/lucasuriano/Library/Application%20Support/iPhone%20Simulator/7.0.3/Applications/2613E792-AB64-444E-9B09-AA279C640646/BATApp.app/www/index.html
2014-01-15 20:34:06.063 BATApp[73633:a0b] Multi-tasking -> Device: YES, App: YES
2014-01-15 20:34:06.072 BATApp[73633:a0b] Unlimited access to network resources
2014-01-15 20:34:06.519 BATApp[73633:a0b] Resetting plugins due to page load.
2014-01-15 20:34:07.646 BATApp[73633:a0b] Finished load of: file:///Users/lucasuriano/Library/Application%20Support/iPhone%20Simulator/7.0.3/Applications/2613E792-AB64-444E-9B09-AA279C640646/BATApp.app/www/index.html
2014-01-15 20:35:50.399 BATApp[74484:a0b] Multi-tasking -> Device: YES, App: YES
2014-01-15 20:35:50.409 BATApp[74484:a0b] Unlimited access to network resources
2014-01-15 20:35:50.823 BATApp[74484:a0b] Resetting plugins due to page load.
2014-01-15 20:35:51.273 BATApp[74484:a0b] Finished load of: file:///Users/lucasuriano/Library/Application%20Support/iPhone%20Simulator/7.0.3/Applications/2613E792-AB64-444E-9B09-AA279C640646/BATApp.app/www/index.html
Terminating in response to SpringBoard's termination.
2014-01-15 20:36:39.816 BATApp[74937:a0b] Multi-tasking -> Device: YES, App: YES
2014-01-15 20:36:39.826 BATApp[74937:a0b] Unlimited access to network resources
2014-01-15 20:36:40.300 BATApp[74937:a0b] Resetting plugins due to page load.
2014-01-15 20:36:40.817 BATApp[74937:a0b] Finished load of: file:///Users/lucasuriano/Library/Application%20Support/iPhone%20Simulator/7.0.3/Applications/2613E792-AB64-444E-9B09-AA279C640646/BATApp.app/www/index.html
2014-01-15 20:39:15.887 BATApp[75800:a0b] Multi-tasking -> Device: YES, App: YES
2014-01-15 20:39:15.908 BATApp[75800:a0b] Unlimited access to network resources
2014-01-15 20:39:16.433 BATApp[75800:a0b] Resetting plugins due to page load.
2014-01-15 20:39:16.878 BATApp[75800:a0b] Finished load of: file:///Users/lucasuriano/Library/Application%20Support/iPhone%20Simulator/7.0.3/Applications/2613E792-AB64-444E-9B09-AA279C640646/BATApp.app/www/index.html
2014-01-15 22:38:30.389 BATApp[78981:a0b] Multi-tasking -> Device: YES, App: YES
2014-01-15 22:38:30.468 BATApp[78981:a0b] Unlimited access to network resources
2014-01-15 22:38:30.779 BATApp[78981:a0b] Resetting plugins due to page load.
2014-01-15 22:38:31.255 BATApp[78981:a0b] Finished load of: file:///Users/lucasuriano/Library/Application%20Support/iPhone%20Simulator/7.0.3/Applications/2613E792-AB64-444E-9B09-AA279C640646/BATApp.app/www/index.html
2014-01-15 22:42:40.440 BATApp[79869:a0b] Multi-tasking -> Device: YES, App: YES
2014-01-15 22:42:40.508 BATApp[79869:a0b] Unlimited access to network resources
2014-01-15 22:42:41.271 BATApp[79869:a0b] Resetting plugins due to page load.
2014-01-15 22:42:42.785 BATApp[79869:a0b] Finished load of: file:///Users/lucasuriano/Library/Application%20Support/iPhone%20Simulator/7.0.3/Applications/2613E792-AB64-444E-9B09-AA279C640646/BATApp.app/www/index.html
2014-01-15 23:03:51.793 BATApp[81307:a0b] Multi-tasking -> Device: YES, App: YES
2014-01-15 23:03:52.105 BATApp[81307:a0b] Unlimited access to network resources
2014-01-15 23:03:54.355 BATApp[81307:a0b] Resetting plugins due to page load.
2014-01-15 23:03:55.848 BATApp[81307:a0b] Finished load of: file:///Users/lucasuriano/Library/Application%20Support/iPhone%20Simulator/7.0.3/Applications/2613E792-AB64-444E-9B09-AA279C640646/BATApp.app/www/index.html
2014-01-15 23:05:08.739 BATApp[82167:a0b] Multi-tasking -> Device: YES, App: YES
2014-01-15 23:05:08.748 BATApp[82167:a0b] Unlimited access to network resources
2014-01-15 23:05:09.041 BATApp[82167:a0b] Resetting plugins due to page load.
2014-01-15 23:05:09.776 BATApp[82167:a0b] Finished load of: file:///Users/lucasuriano/Library/Application%20Support/iPhone%20Simulator/7.0.3/Applications/2613E792-AB64-444E-9B09-AA279C640646/BATApp.app/www/index.html
2014-01-15 23:12:47.109 BATApp[83557:a0b] Multi-tasking -> Device: YES, App: YES
2014-01-15 23:12:47.218 BATApp[83557:a0b] Unlimited access to network resources
2014-01-15 23:12:49.472 BATApp[83557:a0b] Resetting plugins due to page load.
2014-01-15 23:12:50.754 BATApp[83557:a0b] Finished load of: file:///Users/lucasuriano/Library/Application%20Support/iPhone%20Simulator/7.0.3/Applications/2613E792-AB64-444E-9B09-AA279C640646/BATApp.app/www/index.html
2014-01-15 23:29:00.019 BATApp[85032:c07] Multi-tasking -> Device: YES, App: YES
2014-01-15 23:29:00.117 BATApp[85032:c07] Unlimited access to network resources
2014-01-15 23:29:00.701 BATApp[85032:c07] Resetting plugins due to page load.
2014-01-15 23:29:01.479 BATApp[85032:c07] Finished load of: file:///Users/lucasuriano/Library/Application%20Support/iPhone%20Simulator/6.0/Applications/E3700D6E-ED91-4018-87DE-CB89B78E2122/BATApp.app/www/index.html
2014-01-16 16:34:03.413 BATApp[1854:a0b] Multi-tasking -> Device: YES, App: YES
2014-01-16 16:34:03.526 BATApp[1854:a0b] Unlimited access to network resources
2014-01-16 16:34:06.342 BATApp[1854:a0b] [CDVTimer][statusbar] 232.807040ms
2014-01-16 16:34:06.343 BATApp[1854:a0b] [CDVTimer][TotalPluginStartup] 233.428001ms
2014-01-16 16:34:06.547 BATApp[1854:a0b] Resetting plugins due to page load.
2014-01-16 16:34:07.690 BATApp[1854:a0b] Finished load of: file:///Users/lucasuriano/Library/Application%20Support/iPhone%20Simulator/7.0.3/Applications/2613E792-AB64-444E-9B09-AA279C640646/BATApp.app/www/index.html
2014-01-16 16:41:20.451 BATApp[2804:a0b] Multi-tasking -> Device: YES, App: YES
2014-01-16 16:41:20.479 BATApp[2804:a0b] Unlimited access to network resources
2014-01-16 16:41:20.558 BATApp[2804:a0b] [CDVTimer][statusbar] 20.397007ms
2014-01-16 16:41:20.568 BATApp[2804:a0b] [CDVTimer][TotalPluginStartup] 20.981967ms
2014-01-16 16:41:20.945 BATApp[2804:a0b] Resetting plugins due to page load.
2014-01-16 16:41:21.429 BATApp[2804:a0b] Finished load of: file:///Users/lucasuriano/Library/Application%20Support/iPhone%20Simulator/7.0.3/Applications/2613E792-AB64-444E-9B09-AA279C640646/BATApp.app/www/index.html
Terminating in response to SpringBoard's termination.
2014-01-16 16:46:06.016 BATApp[3741:a0b] Multi-tasking -> Device: YES, App: YES
2014-01-16 16:46:06.028 BATApp[3741:a0b] Unlimited access to network resources
2014-01-16 16:46:06.072 BATApp[3741:a0b] [CDVTimer][statusbar] 16.954005ms
2014-01-16 16:46:06.083 BATApp[3741:a0b] [CDVTimer][TotalPluginStartup] 27.755022ms
2014-01-16 16:46:06.584 BATApp[3741:a0b] Resetting plugins due to page load.
2014-01-16 16:46:07.311 BATApp[3741:a0b] Finished load of: file:///Users/lucasuriano/Library/Application%20Support/iPhone%20Simulator/7.0.3/Applications/2613E792-AB64-444E-9B09-AA279C640646/BATApp.app/www/index.html
2014-01-16 17:01:44.716 BATApp[4793:a0b] Multi-tasking -> Device: YES, App: YES
2014-01-16 17:01:44.802 BATApp[4793:a0b] Unlimited access to network resources
2014-01-16 17:01:46.218 BATApp[4793:a0b] Resetting plugins due to page load.
2014-01-16 17:01:48.833 BATApp[4793:a0b] Finished load of: file:///Users/lucasuriano/Library/Application%20Support/iPhone%20Simulator/7.0.3/Applications/2613E792-AB64-444E-9B09-AA279C640646/BATApp.app/www/index.html
2014-01-16 17:15:58.395 BATApp[5803:a0b] Multi-tasking -> Device: YES, App: YES
2014-01-16 17:15:58.406 BATApp[5803:a0b] Unlimited access to network resources
2014-01-16 17:15:58.910 BATApp[5803:a0b] Resetting plugins due to page load.
2014-01-16 17:16:00.060 BATApp[5803:a0b] Finished load of: file:///Users/lucasuriano/Library/Application%20Support/iPhone%20Simulator/7.0.3/Applications/2613E792-AB64-444E-9B09-AA279C640646/BATApp.app/www/index.html
2014-01-16 17:24:57.419 BATApp[7161:a0b] Multi-tasking -> Device: YES, App: YES
2014-01-16 17:24:57.428 BATApp[7161:a0b] Unlimited access to network resources
2014-01-16 17:24:57.711 BATApp[7161:a0b] Resetting plugins due to page load.
2014-01-16 17:24:59.492 BATApp[7161:a0b] Finished load of: file:///Users/lucasuriano/Library/Application%20Support/iPhone%20Simulator/7.0.3/Applications/2613E792-AB64-444E-9B09-AA279C640646/BATApp.app/www/index.html
